<?xml version="1.0" encoding="UTF-8"?>
<!-- Generated by org.testng.reporters.JUnitReportReporter -->
<testsuite skipped="0" hostname="Gururaj" name="Scripts.InvalidLoginLogout" tests="1" failures="0" timestamp="23 Oct 2017 14:17:49 GMT" time="5.464" errors="0">
  <testcase name="testInvalidLoginLogout" time="5.464" classname="Scripts.InvalidLoginLogout"/>
</testsuite> <!-- Scripts.InvalidLoginLogout -->
